<?xml version="1.0"?><coverage lines-covered="1534" lines-valid="1805" line-rate="0.8498614958448754" branches-covered="0" branches-valid="0" branch-rate="0" complexity="0" version="1.9" timestamp="1762725581"><sources><source>/Users/rand/src/RUNE</source></sources><packages><package name="rune-core/src/datalog" line-rate="0.9016393442622951" branch-rate="0" complexity="0"><classes><class name="aggregation" filename="rune-core/src/datalog/aggregation.rs" line-rate="0.8870967741935484" branch-rate="0" complexity="0"><methods/><lines><line number="22" hits="5"/><line number="24" hits="15"/><line number="27" hits="20"/><line number="30" hits="35"/><line number="31" hits="60"/><line number="32" hits="45"/><line number="36" hits="10"/><line number="37" hits="0"/><line number="41" hits="10"/><line number="42" hits="1"/><line number="45" hits="3"/><line number="46" hits="7"/><line number="47" hits="3"/><line number="48" hits="6"/><line number="49" hits="0"/><line number="52" hits="1"/><line number="56" hits="3"/><line number="57" hits="7"/><line number="58" hits="3"/><line number="59" hits="3"/><line number="60" hits="15"/><line number="62" hits="0"/><line number="65" hits="1"/><line number="69" hits="3"/><line number="70" hits="7"/><line number="71" hits="3"/><line number="72" hits="3"/><line number="73" hits="15"/><line number="75" hits="0"/><line number="78" hits="1"/><line number="82" hits="3"/><line number="83" hits="2"/><line number="84" hits="7"/><line number="85" hits="3"/><line number="86" hits="6"/><line number="87" hits="0"/><line number="90" hits="1"/><line number="94" hits="5"/><line number="95" hits="10"/><line number="96" hits="5"/><line number="101" hits="5"/><line number="102" hits="10"/><line number="103" hits="0"/><line number="107" hits="15"/><line number="110" hits="15"/><line number="111" hits="10"/><line number="113" hits="15"/><line number="115" hits="20"/><line number="118" hits="35"/><line number="119" hits="45"/><line number="121" hits="60"/><line number="122" hits="30"/><line number="128" hits="10"/><line number="131" hits="10"/><line number="132" hits="0"/><line number="137" hits="10"/><line number="138" hits="10"/><line number="140" hits="35"/><line number="141" hits="75"/><line number="142" hits="60"/><line number="143" hits="30"/><line number="147" hits="5"/></lines></class><class name="backends" filename="rune-core/src/datalog/backends.rs" line-rate="0.7815126050420168" branch-rate="0" complexity="0"><methods/><lines><line number="37" hits="20"/><line number="38" hits="20"/><line number="45" hits="2"/><line number="46" hits="12"/><line number="47" hits="8"/><line number="52" hits="4"/><line number="53" hits="8"/><line number="55" hits="34"/><line number="79" hits="9"/><line number="80" hits="9"/><line number="84" hits="1"/><line number="86" hits="1"/><line number="92" hits="1"/><line number="93" hits="1"/><line number="98" hits="16"/><line number="100" hits="58"/><line number="101" hits="1"/><line number="103" hits="45"/><line number="104" hits="15"/><line number="107" hits="4"/><line number="108" hits="26"/><line number="111" hits="4"/><line number="112" hits="8"/><line number="115" hits="17"/><line number="116" hits="34"/><line number="119" hits="2"/><line number="120" hits="4"/><line number="143" hits="8"/><line number="145" hits="8"/><line number="150" hits="1"/><line number="152" hits="1"/><line number="157" hits="1"/><line number="163" hits="1"/><line number="164" hits="1"/><line number="169" hits="1025"/><line number="170" hits="3075"/><line number="173" hits="7"/><line number="174" hits="21"/><line number="177" hits="4"/><line number="178" hits="16"/><line number="181" hits="14"/><line number="182" hits="28"/><line number="185" hits="2"/><line number="186" hits="4"/><line number="215" hits="4"/><line number="217" hits="4"/><line number="222" hits="1"/><line number="224" hits="1"/><line number="234" hits="1"/><line number="235" hits="1"/><line number="240" hits="4"/><line number="241" hits="12"/><line number="244" hits="1"/><line number="245" hits="3"/><line number="248" hits="0"/><line number="249" hits="0"/><line number="252" hits="10"/><line number="253" hits="20"/><line number="256" hits="2"/><line number="257" hits="4"/><line number="285" hits="5"/><line number="287" hits="5"/><line number="293" hits="1"/><line number="295" hits="1"/><line number="306" hits="1"/><line number="307" hits="1"/><line number="312" hits="15"/><line number="313" hits="45"/><line number="314" hits="75"/><line number="317" hits="72"/><line number="318" hits="0"/><line number="321" hits="45"/><line number="322" hits="15"/><line number="323" hits="15"/><line number="326" hits="0"/><line number="327" hits="0"/><line number="328" hits="0"/><line number="329" hits="0"/><line number="333" hits="0"/><line number="334" hits="0"/><line number="336" hits="0"/><line number="340" hits="11"/><line number="341" hits="11"/><line number="344" hits="2"/><line number="345" hits="4"/><line number="346" hits="2"/><line number="349" hits="5"/><line number="350" hits="5"/><line number="351" hits="10"/><line number="371" hits="10"/><line number="373" hits="10"/><line number="375" hits="23"/><line number="376" hits="16"/><line number="377" hits="16"/><line number="378" hits="16"/><line number="380" hits="3"/><line number="384" hits="18"/><line number="385" hits="10"/><line number="386" hits="10"/><line number="387" hits="8"/><line number="389" hits="4"/><line number="393" hits="5"/><line number="396" hits="1"/><line number="401" hits="0"/><line number="402" hits="0"/><line number="403" hits="0"/><line number="404" hits="0"/><line number="409" hits="0"/><line number="410" hits="0"/><line number="411" hits="0"/><line number="412" hits="0"/><line number="417" hits="0"/><line number="418" hits="0"/><line number="419" hits="0"/><line number="420" hits="0"/><line number="425" hits="0"/><line number="426" hits="0"/><line number="427" hits="0"/><line number="428" hits="0"/></lines></class><class name="bridge" filename="rune-core/src/datalog/bridge.rs" line-rate="0.8823529411764706" branch-rate="0" complexity="0"><methods/><lines><line number="28" hits="3"/><line number="29" hits="6"/><line number="32" hits="12"/><line number="35" hits="12"/><line number="38" hits="12"/><line number="41" hits="9"/><line number="42" hits="4"/><line number="43" hits="3"/><line number="44" hits="4"/><line number="48" hits="3"/><line number="57" hits="5"/><line number="58" hits="10"/><line number="59" hits="10"/><line number="62" hits="15"/><line number="63" hits="10"/><line number="64" hits="5"/><line number="65" hits="5"/><line number="66" hits="5"/><line number="71" hits="22"/><line number="72" hits="16"/><line number="73" hits="12"/><line number="74" hits="8"/><line number="75" hits="8"/><line number="76" hits="12"/><line number="77" hits="4"/><line number="83" hits="11"/><line number="84" hits="8"/><line number="85" hits="6"/><line number="86" hits="4"/><line number="87" hits="4"/><line number="88" hits="4"/><line number="93" hits="8"/><line number="96" hits="5"/><line number="105" hits="4"/><line number="106" hits="8"/><line number="107" hits="8"/><line number="110" hits="12"/><line number="111" hits="8"/><line number="112" hits="4"/><line number="113" hits="4"/><line number="114" hits="4"/><line number="119" hits="20"/><line number="120" hits="16"/><line number="121" hits="12"/><line number="122" hits="8"/><line number="123" hits="8"/><line number="124" hits="12"/><line number="125" hits="4"/><line number="131" hits="4"/><line number="132" hits="0"/><line number="133" hits="0"/><line number="134" hits="0"/><line number="135" hits="0"/><line number="136" hits="0"/><line number="141" hits="0"/><line number="144" hits="4"/><line number="152" hits="4"/><line number="153" hits="8"/><line number="156" hits="12"/><line number="157" hits="8"/><line number="158" hits="8"/><line number="162" hits="14"/><line number="163" hits="8"/><line number="164" hits="6"/><line number="165" hits="4"/><line number="166" hits="4"/><line number="167" hits="6"/><line number="168" hits="2"/><line number="173" hits="4"/><line number="179" hits="2"/><line number="180" hits="4"/><line number="183" hits="6"/><line number="184" hits="4"/><line number="185" hits="2"/><line number="186" hits="2"/><line number="187" hits="2"/><line number="192" hits="10"/><line number="193" hits="8"/><line number="194" hits="6"/><line number="195" hits="4"/><line number="196" hits="4"/><line number="197" hits="6"/><line number="198" hits="2"/><line number="204" hits="2"/><line number="205" hits="0"/><line number="206" hits="0"/><line number="207" hits="0"/><line number="208" hits="0"/><line number="209" hits="0"/><line number="213" hits="0"/><line number="216" hits="2"/><line number="225" hits="1"/><line number="226" hits="1"/><line number="227" hits="1"/><line number="228" hits="2"/><line number="229" hits="2"/><line number="231" hits="1"/><line number="232" hits="2"/><line number="233" hits="2"/><line number="235" hits="1"/><line number="236" hits="2"/><line number="237" hits="2"/></lines></class><class name="evaluation" filename="rune-core/src/datalog/evaluation.rs" line-rate="0.9137931034482759" branch-rate="0" complexity="0"><methods/><lines><line number="36" hits="707"/><line number="41" hits="707"/><line number="42" hits="1414"/><line number="43" hits="1414"/><line number="46" hits="2121"/><line number="49" hits="2121"/><line number="52" hits="2121"/><line number="54" hits="2121"/><line number="55" hits="1490"/><line number="58" hits="2828"/><line number="61" hits="711"/><line number="62" hits="8"/><line number="63" hits="4"/><line number="68" hits="1414"/><line number="69" hits="2828"/><line number="72" hits="1414"/><line number="73" hits="3535"/><line number="76" hits="1414"/><line number="77" hits="1374"/><line number="78" hits="687"/><line number="83" hits="353"/><line number="84" hits="1059"/><line number="87" hits="2474"/><line number="88" hits="4949"/><line number="89" hits="1414"/><line number="93" hits="46333"/><line number="96" hits="706"/><line number="97" hits="20"/><line number="101" hits="333"/><line number="102" hits="0"/><line number="103" hits="0"/><line number="107" hits="1332"/><line number="108" hits="666"/><line number="112" hits="40"/><line number="116" hits="2828"/><line number="118" hits="707"/><line number="124" hits="707"/><line number="131" hits="1414"/><line number="132" hits="0"/><line number="133" hits="0"/><line number="135" hits="0"/><line number="139" hits="1414"/><line number="142" hits="3560"/><line number="143" hits="8584"/><line number="144" hits="2146"/><line number="147" hits="707"/><line number="151" hits="1073"/><line number="159" hits="2146"/><line number="160" hits="3219"/><line number="162" hits="3219"/><line number="167" hits="3219"/><line number="170" hits="5674"/><line number="171" hits="3528"/><line number="174" hits="1764"/><line number="177" hits="99"/><line number="178" hits="180"/><line number="181" hits="90"/><line number="183" hits="1017"/><line number="185" hits="75"/><line number="187" hits="60"/><line number="192" hits="5265"/><line number="193" hits="3162"/><line number="195" hits="1402"/><line number="199" hits="2064605"/><line number="200" hits="4125700"/><line number="202" hits="164352997"/><line number="203" hits="164382074"/><line number="204" hits="4242008"/><line number="205" hits="2121004"/><line number="212" hits="3528"/><line number="215" hits="3528"/><line number="216" hits="719"/><line number="221" hits="354"/><line number="223" hits="90759"/><line number="228" hits="2"/><line number="229" hits="2"/><line number="230" hits="0"/><line number="233" hits="6"/><line number="234" hits="2"/><line number="236" hits="14"/><line number="239" hits="6"/><line number="243" hits="707"/><line number="245" hits="2121"/><line number="246" hits="2121"/><line number="248" hits="783"/><line number="249" hits="114"/><line number="251" hits="154"/><line number="252" hits="174"/><line number="254" hits="116"/><line number="255" hits="174"/><line number="257" hits="174"/><line number="259" hits="61"/><line number="260" hits="12"/><line number="266" hits="2121"/><line number="267" hits="2121"/><line number="270" hits="783"/><line number="271" hits="76"/><line number="273" hits="114"/><line number="274" hits="14"/><line number="278" hits="48"/><line number="280" hits="94"/><line number="281" hits="70"/><line number="283" hits="70"/><line number="284" hits="0"/><line number="285" hits="0"/><line number="287" hits="0"/><line number="289" hits="0"/><line number="293" hits="120"/><line number="297" hits="4242"/><line number="299" hits="1414"/><line number="300" hits="1414"/><line number="303" hits="1490"/><line number="304" hits="266"/><line number="305" hits="76"/><line number="306" hits="76"/><line number="309" hits="707"/></lines></class><class name="mod" filename="rune-core/src/datalog/mod.rs" line-rate="0.9375" branch-rate="0" complexity="0"><methods/><lines><line number="58" hits="161"/><line number="60" hits="322"/><line number="66" hits="137"/><line number="67" hits="411"/><line number="71" hits="686"/><line number="72" hits="1372"/><line number="76" hits="4116"/><line number="79" hits="2058"/><line number="83" hits="2058"/><line number="84" hits="684"/><line number="86" hits="2"/><line number="89" hits="1372"/><line number="92" hits="1372"/><line number="95" hits="3430"/><line number="97" hits="2058"/><line number="98" hits="686"/><line number="100" hits="689"/><line number="103" hits="686"/><line number="104" hits="1372"/><line number="105" hits="1372"/><line number="106" hits="1372"/><line number="107" hits="1372"/><line number="108" hits="686"/><line number="109" hits="686"/><line number="114" hits="0"/><line number="115" hits="0"/><line number="119" hits="1"/><line number="120" hits="1"/><line number="124" hits="18"/><line number="125" hits="108"/><line number="126" hits="54"/><line number="127" hits="18"/></lines></class><class name="types" filename="rune-core/src/datalog/types.rs" line-rate="1" branch-rate="0" complexity="0"><methods/><lines><line number="30" hits="122"/><line number="31" hits="122"/><line number="35" hits="31"/><line number="36" hits="31"/><line number="40" hits="1"/><line number="41" hits="1"/><line number="45" hits="60271"/><line number="46" hits="60274"/><line number="50" hits="25"/><line number="51" hits="25"/><line number="52" hits="40"/><line number="53" hits="5"/><line number="58" hits="60267"/><line number="59" hits="60267"/><line number="60" hits="120532"/><line number="61" hits="1"/><line number="67" hits="18"/><line number="68" hits="7"/><line number="69" hits="44"/><line number="70" hits="8"/><line number="71" hits="4"/><line number="72" hits="4"/><line number="73" hits="3"/><line number="74" hits="6"/><line number="92" hits="228"/><line number="94" hits="912"/><line number="101" hits="2"/><line number="103" hits="8"/><line number="110" hits="4"/><line number="111" hits="8"/><line number="115" hits="12"/><line number="116" hits="80"/><line number="120" hits="30142"/><line number="121" hits="180824"/><line number="125" hits="1061613"/><line number="127" hits="2123226"/><line number="128" hits="9554418"/><line number="129" hits="1061613"/><line number="135" hits="8"/><line number="136" hits="8"/><line number="137" hits="6"/><line number="139" hits="24"/><line number="140" hits="38"/><line number="141" hits="11"/><line number="142" hits="9"/><line number="144" hits="33"/><line number="146" hits="24"/><line number="163" hits="84"/><line number="172" hits="26"/><line number="173" hits="78"/><line number="177" hits="757"/><line number="178" hits="1514"/><line number="182" hits="2"/><line number="183" hits="2"/><line number="185" hits="8"/><line number="189" hits="1"/><line number="190" hits="2"/><line number="193" hits="6"/><line number="194" hits="6"/><line number="198" hits="5"/><line number="199" hits="12"/><line number="200" hits="12"/><line number="204" hits="3"/><line number="208" hits="3"/><line number="209" hits="18"/><line number="211" hits="9"/><line number="212" hits="3"/><line number="214" hits="7"/><line number="215" hits="9"/><line number="219" hits="9"/><line number="223" hits="1"/><line number="224" hits="1"/><line number="226" hits="7"/><line number="232" hits="2"/><line number="233" hits="6"/><line number="234" hits="2"/><line number="235" hits="6"/><line number="236" hits="10"/><line number="237" hits="3"/><line number="238" hits="3"/><line number="240" hits="9"/><line number="243" hits="6"/><line number="256" hits="4062129"/><line number="258" hits="4062129"/><line number="263" hits="2091271"/><line number="264" hits="8365084"/><line number="268" hits="2091298"/><line number="269" hits="6273894"/><line number="273" hits="1"/><line number="274" hits="3"/><line number="278" hits="2123195"/><line number="279" hits="2123195"/><line number="280" hits="2123183"/><line number="281" hits="5337011"/><line number="282" hits="1090645"/><line number="284" hits="2065076"/><line number="287" hits="24"/><line number="292" hits="1060519"/><line number="293" hits="3181557"/><line number="295" hits="7334163"/><line number="296" hits="4182432"/><line number="298" hits="2"/><line number="299" hits="1"/><line number="302" hits="10456065"/><line number="306" hits="1060518"/><line number="310" hits="15"/><line number="311" hits="15"/><line number="315" hits="1"/><line number="316" hits="2"/><line number="320" hits="6"/><line number="321" hits="12"/><line number="326" hits="1"/><line number="327" hits="3"/><line number="328" hits="9"/><line number="329" hits="2"/><line number="330" hits="3"/><line number="332" hits="6"/><line number="334" hits="3"/><line number="354" hits="5"/><line number="355" hits="5"/><line number="356" hits="3"/><line number="357" hits="3"/><line number="358" hits="3"/><line number="359" hits="3"/><line number="360" hits="3"/><line number="380" hits="6"/></lines></class><class name="unification" filename="rune-core/src/datalog/unification.rs" line-rate="0.9433962264150944" branch-rate="0" complexity="0"><methods/><lines><line number="11" hits="5121565"/><line number="12" hits="10243130"/><line number="14" hits="14"/><line number="16" hits="42"/><line number="17" hits="6"/><line number="18" hits="1"/><line number="19" hits="6"/><line number="20" hits="1"/><line number="22" hits="0"/><line number="23" hits="0"/><line number="24" hits="0"/><line number="28" hits="24"/><line number="29" hits="4"/><line number="35" hits="4182496"/><line number="36" hits="4182498"/><line number="37" hits="2"/><line number="39" hits="12547476"/><line number="40" hits="2091246"/><line number="45" hits="9090930"/><line number="50" hits="81661132"/><line number="52" hits="81661132"/><line number="53" hits="77600104"/><line number="57" hits="12183084"/><line number="58" hits="1"/><line number="61" hits="8122054"/><line number="64" hits="22426171"/><line number="65" hits="15364635"/><line number="66" hits="3000492"/><line number="70" hits="1060535"/><line number="74" hits="7"/><line number="76" hits="7"/><line number="77" hits="1"/><line number="81" hits="18"/><line number="82" hits="1"/><line number="85" hits="10"/><line number="88" hits="35"/><line number="89" hits="30"/><line number="90" hits="1"/><line number="94" hits="4"/><line number="98" hits="2"/><line number="99" hits="2"/><line number="101" hits="12"/><line number="102" hits="18"/><line number="107" hits="30137"/><line number="108" hits="120548"/><line number="111" hits="30137"/><line number="112" hits="1"/><line number="116" hits="90408"/><line number="117" hits="30136"/><line number="119" hits="210916"/><line number="122" hits="60272"/><line number="123" hits="60272"/><line number="124" hits="30136"/></lines></class></classes></package><package name="rune-server/src" line-rate="0.5853658536585366" branch-rate="0" complexity="0"><classes><class name="api" filename="rune-server/src/api.rs" line-rate="0.6" branch-rate="0" complexity="0"><methods/><lines><line number="126" hits="114"/><line number="127" hits="114"/><line number="128" hits="0"/><line number="129" hits="114"/><line number="130" hits="0"/></lines></class><class name="error" filename="rune-server/src/error.rs" line-rate="1" branch-rate="0" complexity="0"><methods/><lines><line number="52" hits="10"/><line number="53" hits="10"/><line number="54" hits="4"/><line number="55" hits="4"/><line number="56" hits="4"/><line number="57" hits="4"/><line number="58" hits="4"/><line number="59" hits="4"/><line number="60" hits="8"/><line number="61" hits="8"/><line number="69" hits="1"/><line number="70" hits="1"/><line number="75" hits="1"/><line number="76" hits="1"/><line number="81" hits="12"/><line number="82" hits="60"/><line number="83" hits="10"/><line number="84" hits="2"/><line number="85" hits="2"/><line number="86" hits="2"/><line number="87" hits="2"/><line number="88" hits="1"/><line number="89" hits="1"/><line number="90" hits="1"/><line number="91" hits="1"/><line number="93" hits="2"/><line number="94" hits="1"/><line number="95" hits="1"/><line number="96" hits="1"/><line number="97" hits="1"/><line number="99" hits="1"/><line number="100" hits="3"/><line number="101" hits="1"/><line number="103" hits="1"/><line number="104" hits="3"/><line number="105" hits="1"/><line number="109" hits="24"/><line number="110" hits="36"/><line number="111" hits="12"/><line number="112" hits="12"/><line number="115" hits="24"/></lines></class><class name="handlers" filename="rune-server/src/handlers.rs" line-rate="0.68" branch-rate="0" complexity="0"><methods/><lines><line number="20" hits="129"/><line number="21" hits="377"/><line number="22" hits="372"/><line number="24" hits="10"/><line number="29" hits="128"/><line number="30" hits="374"/><line number="31" hits="369"/><line number="33" hits="10"/><line number="56" hits="8"/><line number="66" hits="4"/><line number="67" hits="4"/><line number="68" hits="12"/><line number="69" hits="12"/><line number="70" hits="12"/><line number="71" hits="4"/><line number="72" hits="4"/><line number="76" hits="4"/><line number="77" hits="8"/><line number="78" hits="8"/><line number="79" hits="4"/><line number="80" hits="4"/><line number="102" hits="4"/><line number="103" hits="8"/><line number="104" hits="4"/><line number="136" hits="8"/><line number="230" hits="6"/><line number="231" hits="2"/><line number="232" hits="4"/><line number="233" hits="6"/><line number="234" hits="2"/><line number="235" hits="2"/><line number="236" hits="2"/><line number="241" hits="0"/><line number="243" hits="0"/><line number="244" hits="0"/><line number="245" hits="0"/><line number="246" hits="0"/><line number="248" hits="0"/><line number="251" hits="0"/><line number="253" hits="0"/><line number="254" hits="0"/><line number="255" hits="0"/><line number="256" hits="0"/><line number="257" hits="0"/><line number="258" hits="0"/><line number="261" hits="0"/><line number="262" hits="0"/><line number="263" hits="0"/><line number="269" hits="3"/><line number="270" hits="1"/></lines></class><class name="main" filename="rune-server/src/main.rs" line-rate="0" branch-rate="0" complexity="0"><methods/><lines><line number="19" hits="0"/><line number="21" hits="0"/><line number="22" hits="0"/><line number="26" hits="0"/><line number="27" hits="0"/><line number="28" hits="0"/><line number="32" hits="0"/><line number="34" hits="0"/><line number="35" hits="0"/><line number="38" hits="0"/><line number="39" hits="0"/><line number="42" hits="0"/><line number="45" hits="0"/><line number="48" hits="0"/><line number="51" hits="0"/><line number="57" hits="0"/><line number="58" hits="0"/><line number="61" hits="0"/><line number="63" hits="0"/><line number="64" hits="0"/><line number="66" hits="0"/><line number="67" hits="0"/><line number="69" hits="0"/><line number="71" hits="0"/><line number="73" hits="0"/><line number="75" hits="0"/><line number="76" hits="0"/><line number="77" hits="0"/><line number="78" hits="0"/><line number="80" hits="0"/><line number="83" hits="0"/><line number="84" hits="0"/><line number="87" hits="0"/><line number="90" hits="0"/><line number="93" hits="0"/><line number="96" hits="0"/><line number="97" hits="0"/><line number="98" hits="0"/><line number="100" hits="0"/><line number="104" hits="0"/><line number="105" hits="0"/><line number="106" hits="0"/><line number="107" hits="0"/><line number="110" hits="0"/><line number="111" hits="0"/><line number="112" hits="0"/><line number="115" hits="0"/><line number="116" hits="0"/></lines></class><class name="metrics" filename="rune-server/src/metrics.rs" line-rate="0.717948717948718" branch-rate="0" complexity="0"><methods/><lines><line number="7" hits="3"/><line number="9" hits="3"/><line number="10" hits="0"/><line number="11" hits="0"/><line number="13" hits="3"/><line number="14" hits="3"/><line number="15" hits="3"/><line number="16" hits="0"/><line number="17" hits="0"/><line number="19" hits="3"/><line number="20" hits="0"/><line number="21" hits="0"/><line number="23" hits="3"/><line number="24" hits="0"/><line number="25" hits="0"/><line number="27" hits="3"/><line number="30" hits="3"/><line number="31" hits="0"/><line number="32" hits="0"/><line number="34" hits="3"/><line number="35" hits="0"/><line number="36" hits="0"/><line number="38" hits="3"/><line number="39" hits="0"/><line number="40" hits="0"/><line number="42" hits="3"/><line number="43" hits="0"/><line number="44" hits="0"/><line number="46" hits="3"/><line number="49" hits="3"/><line number="50" hits="3"/><line number="51" hits="0"/><line number="52" hits="0"/><line number="54" hits="3"/><line number="55" hits="3"/><line number="56" hits="0"/><line number="57" hits="0"/><line number="59" hits="3"/><line number="60" hits="0"/><line number="61" hits="0"/><line number="66" hits="26"/><line number="67" hits="26"/><line number="68" hits="26"/><line number="70" hits="26"/><line number="71" hits="8"/><line number="73" hits="18"/><line number="78" hits="14"/><line number="79" hits="14"/><line number="80" hits="14"/><line number="84" hits="22"/><line number="85" hits="22"/><line number="89" hits="13"/><line number="90" hits="13"/><line number="94" hits="11"/><line number="95" hits="11"/><line number="99" hits="5"/><line number="100" hits="5"/><line number="101" hits="5"/><line number="102" hits="5"/><line number="103" hits="5"/><line number="107" hits="36"/><line number="108" hits="36"/><line number="118" hits="5"/><line number="120" hits="5"/><line number="125" hits="5"/><line number="126" hits="15"/><line number="127" hits="5"/><line number="136" hits="4"/><line number="137" hits="8"/><line number="138" hits="12"/><line number="139" hits="3"/><line number="140" hits="6"/><line number="141" hits="3"/><line number="142" hits="3"/><line number="146" hits="3"/><line number="147" hits="3"/><line number="149" hits="9"/><line number="150" hits="3"/></lines></class><class name="state" filename="rune-server/src/state.rs" line-rate="0.6666666666666666" branch-rate="0" complexity="0"><methods/><lines><line number="22" hits="0"/><line number="25" hits="0"/><line number="31" hits="22"/><line number="34" hits="22"/><line number="40" hits="4"/><line number="41" hits="8"/></lines></class><class name="tracing" filename="rune-server/src/tracing.rs" line-rate="0.5084745762711864" branch-rate="0" complexity="0"><methods/><lines><line number="15" hits="0"/><line number="17" hits="0"/><line number="18" hits="0"/><line number="21" hits="0"/><line number="22" hits="0"/><line number="23" hits="0"/><line number="27" hits="0"/><line number="29" hits="0"/><line number="30" hits="0"/><line number="33" hits="0"/><line number="35" hits="0"/><line number="37" hits="0"/><line number="38" hits="0"/><line number="39" hits="0"/><line number="40" hits="0"/><line number="42" hits="0"/><line number="44" hits="0"/><line number="48" hits="11"/><line number="49" hits="22"/><line number="51" hits="31"/><line number="54" hits="11"/><line number="55" hits="5"/><line number="56" hits="6"/><line number="57" hits="3"/><line number="59" hits="3"/><line number="64" hits="0"/><line number="66" hits="0"/><line number="69" hits="0"/><line number="72" hits="0"/><line number="77" hits="0"/><line number="78" hits="0"/><line number="81" hits="0"/><line number="82" hits="0"/><line number="83" hits="0"/><line number="84" hits="0"/><line number="87" hits="0"/><line number="91" hits="1"/><line number="92" hits="1"/><line number="107" hits="2"/><line number="108" hits="2"/><line number="118" hits="10"/><line number="119" hits="40"/><line number="120" hits="40"/><line number="121" hits="30"/><line number="125" hits="2"/><line number="126" hits="6"/><line number="127" hits="8"/><line number="132" hits="1"/><line number="136" hits="0"/><line number="145" hits="6"/><line number="149" hits="24"/><line number="150" hits="6"/><line number="159" hits="2"/><line number="163" hits="8"/><line number="164" hits="2"/><line number="169" hits="6"/><line number="173" hits="6"/><line number="178" hits="6"/><line number="182" hits="6"/></lines></class></classes></package><package name="rune-python/src" line-rate="0" branch-rate="0" complexity="0"><classes></classes></package><package name="rune-cli/src" line-rate="0.8615384615384616" branch-rate="0" complexity="0"><classes><class name="main" filename="rune-cli/src/main.rs" line-rate="0.8615384615384616" branch-rate="0" complexity="0"><methods/><lines><line number="78" hits="86"/><line number="79" hits="86"/><line number="82" hits="89"/><line number="83" hits="49"/><line number="88" hits="86"/><line number="89" hits="43"/><line number="90" hits="75"/><line number="91" hits="75"/><line number="92" hits="75"/><line number="93" hits="75"/><line number="94" hits="75"/><line number="95" hits="43"/><line number="96" hits="235"/><line number="98" hits="49"/><line number="99" hits="56"/><line number="101" hits="53"/><line number="102" hits="58"/><line number="104" hits="43"/><line number="105" hits="43"/><line number="109" hits="72"/><line number="112" hits="20"/><line number="119" hits="40"/><line number="122" hits="40"/><line number="125" hits="20"/><line number="126" hits="0"/><line number="127" hits="0"/><line number="128" hits="0"/><line number="129" hits="0"/><line number="136" hits="40"/><line number="137" hits="80"/><line number="138" hits="80"/><line number="139" hits="80"/><line number="143" hits="80"/><line number="144" hits="80"/><line number="147" hits="20"/><line number="148" hits="20"/><line number="149" hits="8"/><line number="152" hits="54"/><line number="153" hits="0"/><line number="155" hits="36"/><line number="158" hits="90"/><line number="159" hits="72"/><line number="160" hits="72"/><line number="161" hits="72"/><line number="162" hits="72"/><line number="163" hits="72"/><line number="164" hits="18"/><line number="165" hits="18"/><line number="166" hits="36"/><line number="167" hits="18"/><line number="170" hits="18"/><line number="171" hits="0"/><line number="174" hits="18"/><line number="175" hits="0"/><line number="176" hits="0"/><line number="177" hits="0"/><line number="183" hits="60"/><line number="184" hits="20"/><line number="185" hits="20"/><line number="186" hits="40"/><line number="187" hits="20"/><line number="190" hits="20"/><line number="193" hits="12"/><line number="194" hits="24"/><line number="196" hits="5"/><line number="197" hits="20"/><line number="199" hits="5"/><line number="200" hits="8"/><line number="201" hits="20"/><line number="202" hits="12"/><line number="203" hits="20"/><line number="204" hits="12"/><line number="206" hits="1"/><line number="207" hits="4"/><line number="208" hits="2"/><line number="209" hits="1"/><line number="213" hits="4"/><line number="216" hits="10"/><line number="220" hits="20"/><line number="221" hits="10"/><line number="222" hits="10"/><line number="224" hits="15"/><line number="227" hits="15"/><line number="228" hits="10126"/><line number="229" hits="10121"/><line number="230" hits="50605"/><line number="231" hits="40484"/><line number="232" hits="50605"/><line number="233" hits="10121"/><line number="234" hits="10121"/><line number="238" hits="20"/><line number="241" hits="452"/><line number="242" hits="442"/><line number="245" hits="20"/><line number="247" hits="10"/><line number="250" hits="15"/><line number="252" hits="10126"/><line number="253" hits="30363"/><line number="254" hits="20242"/><line number="258" hits="15"/><line number="261" hits="20"/><line number="262" hits="10"/><line number="263" hits="15"/><line number="265" hits="25"/><line number="266" hits="20"/><line number="267" hits="20"/><line number="268" hits="20"/><line number="269" hits="30"/><line number="270" hits="20"/><line number="271" hits="5"/><line number="272" hits="5"/><line number="273" hits="10"/><line number="274" hits="5"/><line number="278" hits="10"/><line number="279" hits="25"/><line number="280" hits="20"/><line number="281" hits="5"/><line number="282" hits="5"/><line number="283" hits="10"/><line number="284" hits="5"/><line number="287" hits="5"/><line number="290" hits="0"/><line number="291" hits="0"/><line number="293" hits="0"/><line number="294" hits="0"/><line number="295" hits="0"/><line number="296" hits="0"/><line number="297" hits="0"/><line number="302" hits="0"/><line number="304" hits="0"/></lines></class></classes></package><package name="rune-core/src" line-rate="0.9034582132564841" branch-rate="0" complexity="0"><classes><class name="engine" filename="rune-core/src/engine.rs" line-rate="0.936" branch-rate="0" complexity="0"><methods/><lines><line number="29" hits="39"/><line number="30" hits="77"/><line number="34" hits="695"/><line number="35" hits="1390"/><line number="36" hits="5"/><line number="37" hits="689"/><line number="38" hits="1"/><line number="74" hits="135"/><line number="108" hits="133"/><line number="109" hits="266"/><line number="113" hits="137"/><line number="114" hits="411"/><line number="116" hits="959"/><line number="117" hits="685"/><line number="119" hits="274"/><line number="120" hits="411"/><line number="121" hits="137"/><line number="127" hits="20935"/><line number="128" hits="41870"/><line number="131" hits="62805"/><line number="132" hits="62120"/><line number="133" hits="60750"/><line number="134" hits="20249"/><line number="135" hits="20249"/><line number="137" hits="60747"/><line number="138" hits="20249"/><line number="139" hits="20249"/><line number="142" hits="3"/><line number="143" hits="2"/><line number="147" hits="686"/><line number="148" hits="686"/><line number="151" hits="2058"/><line number="152" hits="2055"/><line number="154" hits="3"/><line number="158" hits="2744"/><line number="160" hits="1372"/><line number="161" hits="0"/><line number="163" hits="0"/><line number="165" hits="1372"/><line number="167" hits="0"/><line number="168" hits="0"/><line number="170" hits="0"/><line number="175" hits="1372"/><line number="176" hits="2058"/><line number="178" hits="1372"/><line number="179" hits="2058"/><line number="186" hits="686"/><line number="191" hits="1372"/><line number="192" hits="686"/><line number="193" hits="686"/><line number="194" hits="1372"/><line number="195" hits="686"/><line number="200" hits="2744"/><line number="202" hits="686"/><line number="206" hits="685"/><line number="210" hits="2055"/><line number="211" hits="2055"/><line number="212" hits="2055"/><line number="213" hits="2055"/><line number="217" hits="685"/><line number="218" hits="1370"/><line number="219" hits="2055"/><line number="221" hits="685"/><line number="222" hits="1370"/><line number="223" hits="1370"/><line number="227" hits="1370"/><line number="231" hits="1"/><line number="235" hits="1"/><line number="236" hits="2"/><line number="237" hits="3"/><line number="240" hits="1"/><line number="241" hits="2"/><line number="242" hits="2"/><line number="245" hits="1"/><line number="249" hits="0"/><line number="255" hits="6"/><line number="256" hits="12"/><line number="257" hits="18"/><line number="261" hits="11"/><line number="262" hits="22"/><line number="266" hits="20"/><line number="268" hits="60"/><line number="269" hits="20"/><line number="274" hits="3"/><line number="275" hits="6"/><line number="291" hits="6"/><line number="293" hits="30"/><line number="296" hits="18"/><line number="299" hits="12"/><line number="301" hits="6"/><line number="302" hits="6"/><line number="317" hits="4"/><line number="319" hits="12"/><line number="322" hits="8"/><line number="324" hits="4"/><line number="325" hits="4"/><line number="329" hits="1"/><line number="330" hits="1"/><line number="334" hits="1"/><line number="335" hits="1"/><line number="340" hits="1"/><line number="341" hits="1"/><line number="366" hits="139"/><line number="370" hits="417"/><line number="371" hits="417"/><line number="372" hits="417"/><line number="373" hits="417"/><line number="374" hits="417"/><line number="375" hits="139"/><line number="379" hits="20251"/><line number="381" hits="40502"/><line number="384" hits="689"/><line number="386" hits="1378"/><line number="389" hits="686"/><line number="392" hits="1372"/><line number="394" hits="686"/><line number="395" hits="0"/><line number="396" hits="1372"/><line number="397" hits="0"/><line number="401" hits="22"/><line number="404" hits="66"/><line number="405" hits="66"/><line number="407" hits="22"/><line number="408" hits="4"/><line number="410" hits="36"/></lines></class><class name="facts" filename="rune-core/src/facts.rs" line-rate="0.9711538461538461" branch-rate="0" complexity="0"><methods/><lines><line number="25" hits="16855"/><line number="26" hits="33561"/><line number="34" hits="85553"/><line number="35" hits="256659"/><line number="36" hits="256659"/><line number="42" hits="32801"/><line number="43" hits="0"/><line number="46" hits="164005"/><line number="47" hits="131204"/><line number="48" hits="65602"/><line number="53" hits="120"/><line number="54" hits="480"/><line number="58" hits="1035"/><line number="59" hits="5175"/><line number="63" hits="22"/><line number="64" hits="22"/><line number="65" hits="1"/><line number="68" hits="42"/><line number="69" hits="1"/><line number="72" hits="124"/><line number="73" hits="32"/><line number="74" hits="18"/><line number="75" hits="14"/><line number="76" hits="14"/><line number="77" hits="6"/><line number="83" hits="14"/><line number="117" hits="170"/><line number="119" hits="340"/><line number="120" hits="510"/><line number="121" hits="170"/><line number="126" hits="1502"/><line number="128" hits="1502"/><line number="129" hits="4506"/><line number="130" hits="2936"/><line number="131" hits="4302"/><line number="132" hits="5736"/><line number="133" hits="4302"/><line number="135" hits="1774"/><line number="138" hits="3004"/><line number="141" hits="7625"/><line number="143" hits="4575"/><line number="144" hits="3050"/><line number="146" hits="0"/><line number="149" hits="6100"/><line number="150" hits="4575"/><line number="151" hits="7625"/><line number="154" hits="4575"/><line number="155" hits="3050"/><line number="156" hits="3050"/><line number="157" hits="3050"/><line number="158" hits="1525"/><line number="159" hits="1525"/><line number="163" hits="4506"/><line number="165" hits="3004"/><line number="167" hits="1502"/><line number="172" hits="23"/><line number="179" hits="1"/><line number="180" hits="10"/><line number="181" hits="6"/><line number="186" hits="7"/><line number="187" hits="7"/><line number="188" hits="14"/><line number="189" hits="13"/><line number="190" hits="6"/><line number="191" hits="6"/><line number="192" hits="54"/><line number="193" hits="6"/><line number="194" hits="6"/><line number="200" hits="6"/><line number="201" hits="6"/><line number="202" hits="12"/><line number="203" hits="12"/><line number="208" hits="1808"/><line number="209" hits="3616"/><line number="210" hits="9040"/><line number="212" hits="3616"/><line number="213" hits="3616"/><line number="215" hits="0"/><line number="220" hits="25"/><line number="221" hits="75"/><line number="225" hits="4"/><line number="226" hits="8"/><line number="230" hits="2"/><line number="231" hits="4"/><line number="233" hits="4"/><line number="234" hits="10"/><line number="235" hits="4"/><line number="236" hits="10"/><line number="237" hits="2"/><line number="241" hits="4"/><line number="244" hits="6"/><line number="248" hits="13"/><line number="249" hits="13"/><line number="253" hits="4"/><line number="254" hits="4"/><line number="259" hits="1"/><line number="260" hits="1"/><line number="272" hits="13"/><line number="274" hits="39"/><line number="275" hits="13"/><line number="280" hits="20"/><line number="281" hits="20"/><line number="285" hits="14"/><line number="286" hits="14"/></lines></class><class name="parser" filename="rune-core/src/parser.rs" line-rate="0.9863945578231292" branch-rate="0" complexity="0"><methods/><lines><line number="32" hits="32"/><line number="34" hits="96"/><line number="37" hits="57"/><line number="38" hits="32"/><line number="39" hits="53"/><line number="42" hits="53"/><line number="43" hits="10"/><line number="44" hits="11"/><line number="46" hits="20"/><line number="50" hits="57"/><line number="51" hits="22"/><line number="53" hits="12"/><line number="57" hits="56"/><line number="58" hits="20"/><line number="60" hits="13"/><line number="63" hits="23"/><line number="64" hits="46"/><line number="65" hits="46"/><line number="66" hits="23"/><line number="67" hits="23"/><line number="80" hits="36"/><line number="88" hits="72"/><line number="89" hits="72"/><line number="91" hits="294"/><line number="92" hits="444"/><line number="94" hits="120"/><line number="95" hits="60"/><line number="98" hits="90"/><line number="99" hits="60"/><line number="101" hits="30"/><line number="102" hits="392"/><line number="103" hits="40"/><line number="104" hits="16"/><line number="105" hits="8"/><line number="106" hits="392"/><line number="107" hits="80"/><line number="108" hits="32"/><line number="109" hits="16"/><line number="110" hits="364"/><line number="111" hits="60"/><line number="112" hits="24"/><line number="113" hits="12"/><line number="114" hits="448"/><line number="115" hits="496"/><line number="116" hits="124"/><line number="121" hits="144"/><line number="123" hits="36"/><line number="127" hits="106"/><line number="128" hits="212"/><line number="129" hits="73"/><line number="132" hits="33"/><line number="133" hits="46"/><line number="134" hits="53"/><line number="135" hits="31"/><line number="136" hits="2"/><line number="141" hits="53"/><line number="142" hits="106"/><line number="143" hits="106"/><line number="144" hits="106"/><line number="146" hits="3170"/><line number="147" hits="97"/><line number="148" hits="83"/><line number="149" hits="83"/><line number="150" hits="181"/><line number="151" hits="168"/><line number="152" hits="42"/><line number="154" hits="1324"/><line number="159" hits="157"/><line number="160" hits="153"/><line number="163" hits="53"/><line number="167" hits="40"/><line number="168" hits="80"/><line number="169" hits="80"/><line number="171" hits="235"/><line number="172" hits="465"/><line number="173" hits="504"/><line number="174" hits="63"/><line number="178" hits="112"/><line number="179" hits="20"/><line number="181" hits="276"/><line number="184" hits="184"/><line number="186" hits="138"/><line number="189" hits="161"/><line number="191" hits="138"/><line number="192" hits="138"/><line number="193" hits="138"/><line number="195" hits="126"/><line number="196" hits="240"/><line number="198" hits="240"/><line number="199" hits="240"/><line number="200" hits="240"/><line number="204" hits="230"/><line number="207" hits="69"/><line number="208" hits="92"/><line number="212" hits="138"/><line number="216" hits="40"/><line number="220" hits="159"/><line number="222" hits="317"/><line number="223" hits="474"/><line number="224" hits="316"/><line number="228" hits="632"/><line number="229" hits="2"/><line number="231" hits="156"/><line number="233" hits="654"/><line number="237" hits="632"/><line number="238" hits="165"/><line number="239" hits="7"/><line number="241" hits="158"/><line number="244" hits="5"/><line number="245" hits="1"/><line number="246" hits="0"/><line number="248" hits="1"/><line number="253" hits="263"/><line number="254" hits="789"/><line number="257" hits="1101"/><line number="258" hits="216"/><line number="263" hits="53"/><line number="264" hits="6"/><line number="268" hits="41"/><line number="269" hits="2"/><line number="271" hits="39"/><line number="272" hits="0"/><line number="276" hits="117"/><line number="277" hits="39"/><line number="278" hits="39"/><line number="283" hits="13"/><line number="284" hits="26"/><line number="285" hits="26"/><line number="286" hits="26"/><line number="288" hits="105"/><line number="289" hits="292"/><line number="291" hits="17"/><line number="292" hits="8"/><line number="293" hits="6"/><line number="294" hits="4"/><line number="296" hits="2"/><line number="300" hits="52"/><line number="301" hits="39"/><line number="302" hits="26"/><line number="303" hits="193"/><line number="304" hits="244"/><line number="305" hits="61"/><line number="310" hits="35"/><line number="311" hits="33"/><line number="312" hits="11"/><line number="313" hits="11"/><line number="317" hits="13"/></lines></class><class name="policy" filename="rune-core/src/policy.rs" line-rate="0.8113207547169812" branch-rate="0" complexity="0"><methods/><lines><line number="22" hits="143"/><line number="24" hits="143"/><line number="25" hits="143"/><line number="30" hits="0"/><line number="31" hits="0"/><line number="33" hits="0"/><line number="35" hits="0"/><line number="36" hits="0"/><line number="40" hits="6"/><line number="44" hits="23"/><line number="45" hits="9"/><line number="48" hits="10"/><line number="49" hits="5"/><line number="50" hits="10"/><line number="51" hits="5"/><line number="54" hits="11"/><line number="55" hits="1"/><line number="56" hits="3"/><line number="57" hits="4"/><line number="60" hits="8"/><line number="61" hits="4"/><line number="65" hits="686"/><line number="66" hits="1372"/><line number="69" hits="2744"/><line number="72" hits="2744"/><line number="75" hits="686"/><line number="76" hits="686"/><line number="77" hits="2744"/><line number="80" hits="1372"/><line number="81" hits="0"/><line number="82" hits="686"/><line number="86" hits="1372"/><line number="87" hits="1372"/><line number="90" hits="1372"/><line number="91" hits="0"/><line number="95" hits="1372"/><line number="96" hits="0"/><line number="99" hits="1372"/><line number="100" hits="1372"/><line number="101" hits="0"/><line number="102" hits="1372"/><line number="103" hits="0"/><line number="107" hits="686"/><line number="108" hits="1372"/><line number="109" hits="1372"/><line number="110" hits="1372"/><line number="111" hits="1372"/><line number="112" hits="686"/><line number="113" hits="686"/><line number="118" hits="686"/><line number="120" hits="686"/><line number="121" hits="1372"/><line number="122" hits="686"/><line number="124" hits="2058"/><line number="125" hits="686"/><line number="127" hits="2744"/><line number="130" hits="2058"/><line number="131" hits="686"/><line number="133" hits="2058"/><line number="134" hits="686"/><line number="136" hits="2744"/><line number="139" hits="2058"/><line number="140" hits="686"/><line number="142" hits="2058"/><line number="143" hits="686"/><line number="145" hits="2744"/><line number="148" hits="1372"/><line number="150" hits="4802"/><line number="151" hits="0"/><line number="156" hits="686"/><line number="158" hits="1372"/><line number="161" hits="2744"/><line number="162" hits="2058"/><line number="165" hits="2744"/><line number="166" hits="2058"/><line number="169" hits="2058"/><line number="170" hits="686"/><line number="172" hits="2058"/><line number="173" hits="686"/><line number="175" hits="2744"/><line number="178" hits="686"/><line number="179" hits="2744"/><line number="180" hits="686"/><line number="181" hits="0"/><line number="184" hits="2058"/><line number="187" hits="2058"/><line number="188" hits="686"/><line number="192" hits="1372"/><line number="193" hits="4116"/><line number="194" hits="1372"/><line number="196" hits="4116"/><line number="197" hits="1372"/><line number="199" hits="5488"/><line number="202" hits="2744"/><line number="205" hits="2744"/><line number="206" hits="1372"/><line number="207" hits="0"/><line number="208" hits="0"/><line number="210" hits="0"/><line number="211" hits="0"/><line number="213" hits="0"/><line number="214" hits="0"/><line number="217" hits="5488"/><line number="218" hits="1372"/><line number="223" hits="0"/><line number="224" hits="0"/></lines></class><class name="reload" filename="rune-core/src/reload.rs" line-rate="0.7375" branch-rate="0" complexity="0"><methods/><lines><line number="54" hits="33"/><line number="56" hits="33"/><line number="58" hits="33"/><line number="85" hits="30"/><line number="86" hits="90"/><line number="90" hits="32"/><line number="91" hits="64"/><line number="92" hits="96"/><line number="94" hits="32"/><line number="95" hits="64"/><line number="96" hits="64"/><line number="97" hits="64"/><line number="98" hits="64"/><line number="99" hits="32"/><line number="100" hits="32"/><line number="105" hits="8"/><line number="106" hits="24"/><line number="109" hits="8"/><line number="110" hits="1"/><line number="111" hits="1"/><line number="112" hits="1"/><line number="117" hits="21"/><line number="118" hits="28"/><line number="120" hits="7"/><line number="121" hits="7"/><line number="125" hits="4"/><line number="126" hits="12"/><line number="127" hits="8"/><line number="128" hits="4"/><line number="135" hits="0"/><line number="136" hits="0"/><line number="140" hits="0"/><line number="141" hits="0"/><line number="142" hits="0"/><line number="146" hits="0"/><line number="148" hits="0"/><line number="149" hits="0"/><line number="150" hits="0"/><line number="151" hits="0"/><line number="155" hits="0"/><line number="158" hits="0"/><line number="160" hits="0"/><line number="162" hits="0"/><line number="165" hits="0"/><line number="166" hits="0"/><line number="172" hits="0"/><line number="177" hits="36"/><line number="179" hits="71"/><line number="180" hits="34"/><line number="181" hits="1"/><line number="182" hits="1"/><line number="183" hits="1"/><line number="188" hits="29"/><line number="189" hits="24"/><line number="190" hits="5"/><line number="191" hits="5"/><line number="192" hits="5"/><line number="197" hits="12"/><line number="198" hits="10"/><line number="199" hits="0"/><line number="200" hits="0"/><line number="202" hits="5"/><line number="206" hits="12"/><line number="208" hits="10"/><line number="211" hits="15"/><line number="212" hits="20"/><line number="213" hits="2"/><line number="214" hits="2"/><line number="219" hits="6"/><line number="220" hits="0"/><line number="221" hits="0"/><line number="223" hits="3"/><line number="226" hits="10"/><line number="227" hits="10"/><line number="231" hits="36"/><line number="232" hits="54"/><line number="236" hits="2"/><line number="237" hits="4"/><line number="241" hits="7"/><line number="242" hits="7"/></lines></class><class name="request" filename="rune-core/src/request.rs" line-rate="0.8596491228070176" branch-rate="0" complexity="0"><methods/><lines><line number="27" hits="20500"/><line number="32" hits="61500"/><line number="33" hits="41000"/><line number="38" hits="3"/><line number="39" hits="9"/><line number="40" hits="15"/><line number="41" hits="9"/><line number="42" hits="3"/><line number="46" hits="20939"/><line number="47" hits="41878"/><line number="50" hits="62817"/><line number="51" hits="62817"/><line number="54" hits="62817"/><line number="55" hits="41878"/><line number="56" hits="0"/><line number="57" hits="0"/><line number="61" hits="62817"/><line number="62" hits="62817"/><line number="65" hits="41884"/><line number="66" hits="8"/><line number="67" hits="6"/><line number="70" hits="41878"/><line number="84" hits="20453"/><line number="89" hits="20453"/><line number="94" hits="20453"/><line number="95" hits="40906"/><line number="96" hits="20453"/><line number="100" hits="20453"/><line number="101" hits="40906"/><line number="102" hits="20453"/><line number="106" hits="20453"/><line number="107" hits="40906"/><line number="108" hits="20453"/><line number="112" hits="0"/><line number="113" hits="0"/><line number="114" hits="0"/><line number="118" hits="20453"/><line number="119" hits="40906"/><line number="120" hits="20453"/><line number="121" hits="20453"/><line number="122" hits="40906"/><line number="123" hits="20453"/><line number="124" hits="20453"/><line number="125" hits="40906"/><line number="126" hits="20453"/><line number="127" hits="20453"/><line number="129" hits="102265"/><line number="130" hits="20453"/><line number="131" hits="0"/><line number="134" hits="20453"/><line number="139" hits="0"/><line number="140" hits="0"/><line number="145" hits="20500"/><line number="149" hits="61500"/><line number="150" hits="20500"/><line number="153" hits="82000"/><line number="155" hits="41000"/></lines></class><class name="types" filename="rune-core/src/types.rs" line-rate="0.7959183673469388" branch-rate="0" complexity="0"><methods/><lines><line number="27" hits="138"/><line number="28" hits="414"/><line number="32" hits="1"/><line number="33" hits="2"/><line number="37" hits="1"/><line number="38" hits="1"/><line number="42" hits="0"/><line number="43" hits="0"/><line number="44" hits="0"/><line number="45" hits="0"/><line number="46" hits="0"/><line number="47" hits="0"/><line number="48" hits="0"/><line number="49" hits="0"/><line number="69" hits="20630"/><line number="71" hits="103150"/><line number="72" hits="103150"/><line number="73" hits="41260"/><line number="74" hits="20630"/><line number="79" hits="10"/><line number="80" hits="30"/><line number="81" hits="50"/><line number="82" hits="30"/><line number="83" hits="10"/><line number="87" hits="4"/><line number="88" hits="12"/><line number="89" hits="4"/><line number="102" hits="10315"/><line number="104" hits="20630"/><line number="109" hits="10181"/><line number="110" hits="20362"/><line number="114" hits="4"/><line number="115" hits="8"/><line number="130" hits="10242"/><line number="132" hits="51210"/><line number="133" hits="10242"/><line number="138" hits="2"/><line number="139" hits="6"/><line number="140" hits="10"/><line number="141" hits="6"/><line number="142" hits="2"/><line number="155" hits="10313"/><line number="157" hits="20626"/><line number="162" hits="10183"/><line number="163" hits="20366"/><line number="167" hits="0"/><line number="168" hits="0"/><line number="172" hits="1"/><line number="173" hits="2"/></lines></class><class name="watcher" filename="rune-core/src/watcher.rs" line-rate="0.9818181818181818" branch-rate="0" complexity="0"><methods/><lines><line number="52" hits="46"/><line number="53" hits="138"/><line number="54" hits="138"/><line number="58" hits="11"/><line number="59" hits="11"/><line number="60" hits="17"/><line number="61" hits="12"/><line number="62" hits="0"/><line number="66" hits="0"/><line number="68" hits="46"/><line number="69" hits="92"/><line number="70" hits="46"/><line number="72" hits="46"/><line number="74" hits="46"/><line number="75" hits="92"/><line number="76" hits="92"/><line number="77" hits="92"/><line number="78" hits="92"/><line number="79" hits="184"/><line number="84" hits="16"/><line number="85" hits="48"/><line number="88" hits="48"/><line number="89" hits="2"/><line number="90" hits="2"/><line number="94" hits="42"/><line number="95" hits="1"/><line number="97" hits="13"/><line number="101" hits="14"/><line number="102" hits="42"/><line number="103" hits="17"/><line number="105" hits="52"/><line number="106" hits="13"/><line number="108" hits="13"/><line number="112" hits="7"/><line number="113" hits="21"/><line number="115" hits="14"/><line number="116" hits="1"/><line number="119" hits="6"/><line number="120" hits="12"/><line number="121" hits="6"/><line number="123" hits="18"/><line number="124" hits="6"/><line number="126" hits="6"/><line number="130" hits="4"/><line number="131" hits="12"/><line number="135" hits="1"/><line number="136" hits="1"/><line number="138" hits="1"/><line number="142" hits="2"/><line number="143" hits="8"/><line number="147" hits="3"/><line number="148" hits="6"/><line number="152" hits="5"/><line number="153" hits="9"/><line number="154" hits="8"/><line number="155" hits="12"/><line number="158" hits="1"/><line number="162" hits="8"/><line number="163" hits="32"/><line number="167" hits="3"/><line number="168" hits="18"/><line number="169" hits="9"/><line number="170" hits="9"/><line number="172" hits="3"/><line number="177" hits="20"/><line number="179" hits="33"/><line number="180" hits="7"/><line number="181" hits="11"/><line number="183" hits="11"/><line number="184" hits="5"/><line number="185" hits="6"/><line number="188" hits="1"/><line number="189" hits="1"/><line number="193" hits="39"/><line number="196" hits="23"/><line number="197" hits="33"/><line number="198" hits="13"/><line number="199" hits="1"/><line number="200" hits="1"/><line number="203" hits="1"/><line number="206" hits="10"/><line number="207" hits="20"/><line number="208" hits="10"/><line number="209" hits="10"/><line number="230" hits="37"/><line number="233" hits="37"/><line number="234" hits="37"/><line number="239" hits="6"/><line number="240" hits="12"/><line number="241" hits="36"/><line number="242" hits="24"/><line number="246" hits="6"/><line number="247" hits="12"/><line number="248" hits="12"/><line number="251" hits="18"/><line number="252" hits="6"/><line number="254" hits="12"/><line number="255" hits="12"/><line number="256" hits="4"/><line number="258" hits="2"/><line number="264" hits="14"/><line number="265" hits="16"/><line number="266" hits="16"/><line number="267" hits="8"/><line number="271" hits="6"/><line number="275" hits="6"/><line number="276" hits="6"/><line number="280" hits="1"/><line number="281" hits="2"/><line number="282" hits="2"/></lines></class></classes></package></packages></coverage>